{"C:\\Users\\biote\\Hack Reactor\\Trulia\\client\\src\\components\\app\\app.tsx": {"path":"C:\\Users\\biote\\Hack Reactor\\Trulia\\client\\src\\components\\app\\app.tsx","statementMap":{"0":{"start":{"line":1,"column":0},"end":{"line":1,"column":31}},"1":{"start":{"line":2,"column":0},"end":{"line":2,"column":69}},"2":{"start":{"line":4,"column":0},"end":{"line":4,"column":20}},"3":{"start":{"line":5,"column":0},"end":{"line":5,"column":78}},"4":{"start":{"line":6,"column":0},"end":{"line":6,"column":64}},"5":{"start":{"line":8,"column":29},"end":{"line":185,"column":null}},"6":{"start":{"line":187,"column":29},"end":{"line":193,"column":null}},"7":{"start":{"line":195,"column":27},"end":{"line":220,"column":null}},"8":{"start":{"line":232,"column":8},"end":{"line":232,"column":null}},"9":{"start":{"line":233,"column":8},"end":{"line":235,"column":null}},"10":{"start":{"line":239,"column":23},"end":{"line":239,"column":56}},"11":{"start":{"line":240,"column":8},"end":{"line":242,"column":null}},"12":{"start":{"line":246,"column":8},"end":{"line":265,"column":10}},"13":{"start":{"line":230,"column":0},"end":{"line":230,"column":13}}},"fnMap":{"0":{"name":"(anonymous_6)","decl":{"start":{"line":231,"column":4},"end":{"line":231,"column":16}},"loc":{"start":{"line":231,"column":31},"end":{"line":236,"column":5}}},"1":{"name":"(anonymous_7)","decl":{"start":{"line":238,"column":4},"end":{"line":238,"column":18}},"loc":{"start":{"line":238,"column":42},"end":{"line":243,"column":5}}},"2":{"name":"(anonymous_8)","decl":{"start":{"line":245,"column":4},"end":{"line":245,"column":10}},"loc":{"start":{"line":245,"column":10},"end":{"line":266,"column":5}}}},"branchMap":{},"s":{"0":1,"1":1,"2":1,"3":1,"4":1,"5":1,"6":1,"7":1,"8":2,"9":2,"10":0,"11":0,"12":2,"13":1},"f":{"0":2,"1":0,"2":2},"b":{}}
,"C:\\Users\\biote\\Hack Reactor\\Trulia\\client\\src\\components\\features\\feature\\feature.tsx": {"path":"C:\\Users\\biote\\Hack Reactor\\Trulia\\client\\src\\components\\features\\feature\\feature.tsx","statementMap":{"0":{"start":{"line":1,"column":0},"end":{"line":1,"column":31}},"1":{"start":{"line":3,"column":0},"end":{"line":3,"column":42}},"2":{"start":{"line":4,"column":0},"end":{"line":4,"column":24}},"3":{"start":{"line":8,"column":13},"end":{"line":25,"column":2}},"4":{"start":{"line":9,"column":4},"end":{"line":22,"column":null}}},"fnMap":{"0":{"name":"(anonymous_6)","decl":{"start":{"line":8,"column":48},"end":{"line":8,"column":49}},"loc":{"start":{"line":9,"column":4},"end":{"line":22,"column":null}}}},"branchMap":{},"s":{"0":1,"1":1,"2":1,"3":1,"4":0},"f":{"0":0},"b":{}}
,"C:\\Users\\biote\\Hack Reactor\\Trulia\\client\\src\\components\\features\\feature-list\\feature-list.tsx": {"path":"C:\\Users\\biote\\Hack Reactor\\Trulia\\client\\src\\components\\features\\feature-list\\feature-list.tsx","statementMap":{"0":{"start":{"line":1,"column":0},"end":{"line":1,"column":31}},"1":{"start":{"line":3,"column":0},"end":{"line":3,"column":46}},"2":{"start":{"line":4,"column":0},"end":{"line":4,"column":29}},"3":{"start":{"line":9,"column":13},"end":{"line":15,"column":6}},"4":{"start":{"line":10,"column":8},"end":{"line":13,"column":null}},"5":{"start":{"line":12,"column":16},"end":{"line":12,"column":null}},"6":{"start":{"line":12,"column":47},"end":{"line":12,"column":null}}},"fnMap":{"0":{"name":"(anonymous_6)","decl":{"start":{"line":9,"column":57},"end":{"line":9,"column":58}},"loc":{"start":{"line":10,"column":8},"end":{"line":13,"column":null}}},"1":{"name":"(anonymous_7)","decl":{"start":{"line":11,"column":28},"end":{"line":11,"column":35}},"loc":{"start":{"line":11,"column":38},"end":{"line":13,"column":13}}}},"branchMap":{"0":{"loc":{"start":{"line":12,"column":16},"end":{"line":12,"column":null}},"type":"if","locations":[{"start":{"line":12,"column":16},"end":{"line":12,"column":null}},{"start":{"line":12,"column":16},"end":{"line":12,"column":null}}]}},"s":{"0":1,"1":1,"2":1,"3":1,"4":0,"5":0,"6":0},"f":{"0":0,"1":0},"b":{"0":[0,0]}}
,"C:\\Users\\biote\\Hack Reactor\\Trulia\\client\\src\\components\\features\\thumbs\\thumbs.tsx": {"path":"C:\\Users\\biote\\Hack Reactor\\Trulia\\client\\src\\components\\features\\thumbs\\thumbs.tsx","statementMap":{"0":{"start":{"line":1,"column":0},"end":{"line":1,"column":31}},"1":{"start":{"line":2,"column":0},"end":{"line":2,"column":23}},"2":{"start":{"line":6,"column":13},"end":{"line":22,"column":2}},"3":{"start":{"line":7,"column":4},"end":{"line":19,"column":null}}},"fnMap":{"0":{"name":"(anonymous_6)","decl":{"start":{"line":6,"column":45},"end":{"line":6,"column":46}},"loc":{"start":{"line":7,"column":4},"end":{"line":19,"column":null}}}},"branchMap":{},"s":{"0":1,"1":1,"2":1,"3":0},"f":{"0":0},"b":{}}
,"C:\\Users\\biote\\Hack Reactor\\Trulia\\client\\src\\components\\reviews\\review\\review.tsx": {"path":"C:\\Users\\biote\\Hack Reactor\\Trulia\\client\\src\\components\\reviews\\review\\review.tsx","statementMap":{"0":{"start":{"line":1,"column":0},"end":{"line":1,"column":31}},"1":{"start":{"line":2,"column":0},"end":{"line":2,"column":23}},"2":{"start":{"line":4,"column":0},"end":{"line":4,"column":61}},"3":{"start":{"line":5,"column":0},"end":{"line":5,"column":64}},"4":{"start":{"line":6,"column":0},"end":{"line":6,"column":61}},"5":{"start":{"line":12,"column":13},"end":{"line":22,"column":2}},"6":{"start":{"line":13,"column":2},"end":{"line":20,"column":null}}},"fnMap":{"0":{"name":"(anonymous_6)","decl":{"start":{"line":12,"column":45},"end":{"line":12,"column":46}},"loc":{"start":{"line":13,"column":2},"end":{"line":20,"column":null}}}},"branchMap":{},"s":{"0":2,"1":2,"2":2,"3":2,"4":2,"5":2,"6":2},"f":{"0":2},"b":{}}
,"C:\\Users\\biote\\Hack Reactor\\Trulia\\client\\src\\components\\reviews\\review-btn-list\\review-btn-list.tsx": {"path":"C:\\Users\\biote\\Hack Reactor\\Trulia\\client\\src\\components\\reviews\\review-btn-list\\review-btn-list.tsx","statementMap":{"0":{"start":{"line":1,"column":0},"end":{"line":1,"column":31}},"1":{"start":{"line":2,"column":0},"end":{"line":2,"column":32}},"2":{"start":{"line":10,"column":13},"end":{"line":14,"column":2}},"3":{"start":{"line":11,"column":4},"end":{"line":12,"column":null}},"4":{"start":{"line":12,"column":42},"end":{"line":12,"column":185}}},"fnMap":{"0":{"name":"(anonymous_6)","decl":{"start":{"line":10,"column":65},"end":{"line":10,"column":66}},"loc":{"start":{"line":11,"column":4},"end":{"line":12,"column":null}}},"1":{"name":"(anonymous_7)","decl":{"start":{"line":12,"column":25},"end":{"line":12,"column":26}},"loc":{"start":{"line":12,"column":42},"end":{"line":12,"column":185}}}},"branchMap":{"0":{"loc":{"start":{"line":12,"column":136},"end":{"line":12,"column":152}},"type":"cond-expr","locations":[{"start":{"line":12,"column":136},"end":{"line":12,"column":152}},{"start":{"line":12,"column":155},"end":{"line":12,"column":164}}]}},"s":{"0":1,"1":1,"2":1,"3":0,"4":0},"f":{"0":0,"1":0},"b":{"0":[0,0]}}
,"C:\\Users\\biote\\Hack Reactor\\Trulia\\client\\src\\components\\reviews\\review-list\\review-list.tsx": {"path":"C:\\Users\\biote\\Hack Reactor\\Trulia\\client\\src\\components\\reviews\\review-list\\review-list.tsx","statementMap":{"0":{"start":{"line":1,"column":0},"end":{"line":1,"column":31}},"1":{"start":{"line":3,"column":0},"end":{"line":3,"column":28}},"2":{"start":{"line":4,"column":0},"end":{"line":4,"column":42}},"3":{"start":{"line":8,"column":13},"end":{"line":14,"column":2}},"4":{"start":{"line":9,"column":4},"end":{"line":12,"column":null}},"5":{"start":{"line":11,"column":41},"end":{"line":11,"column":66}}},"fnMap":{"0":{"name":"(anonymous_6)","decl":{"start":{"line":8,"column":53},"end":{"line":8,"column":54}},"loc":{"start":{"line":9,"column":4},"end":{"line":12,"column":null}}},"1":{"name":"(anonymous_7)","decl":{"start":{"line":11,"column":26},"end":{"line":11,"column":27}},"loc":{"start":{"line":11,"column":41},"end":{"line":11,"column":66}}}},"branchMap":{},"s":{"0":1,"1":1,"2":1,"3":1,"4":0,"5":0},"f":{"0":0,"1":0},"b":{}}
,"C:\\Users\\biote\\Hack Reactor\\Trulia\\client\\src\\components\\reviews\\review\\review-content\\review-content.tsx": {"path":"C:\\Users\\biote\\Hack Reactor\\Trulia\\client\\src\\components\\reviews\\review\\review-content\\review-content.tsx","statementMap":{"0":{"start":{"line":1,"column":0},"end":{"line":1,"column":31}},"1":{"start":{"line":2,"column":0},"end":{"line":2,"column":31}},"2":{"start":{"line":6,"column":13},"end":{"line":16,"column":2}},"3":{"start":{"line":7,"column":2},"end":{"line":14,"column":null}}},"fnMap":{"0":{"name":"(anonymous_6)","decl":{"start":{"line":6,"column":59},"end":{"line":6,"column":60}},"loc":{"start":{"line":7,"column":2},"end":{"line":14,"column":null}}}},"branchMap":{},"s":{"0":2,"1":2,"2":2,"3":0},"f":{"0":0},"b":{}}
,"C:\\Users\\biote\\Hack Reactor\\Trulia\\client\\src\\components\\reviews\\review\\review-footer\\review-footer.tsx": {"path":"C:\\Users\\biote\\Hack Reactor\\Trulia\\client\\src\\components\\reviews\\review\\review-footer\\review-footer.tsx","statementMap":{"0":{"start":{"line":1,"column":0},"end":{"line":1,"column":31}},"1":{"start":{"line":2,"column":0},"end":{"line":2,"column":30}},"2":{"start":{"line":7,"column":13},"end":{"line":30,"column":2}},"3":{"start":{"line":8,"column":2},"end":{"line":28,"column":null}}},"fnMap":{"0":{"name":"(anonymous_6)","decl":{"start":{"line":7,"column":57},"end":{"line":7,"column":58}},"loc":{"start":{"line":8,"column":2},"end":{"line":28,"column":null}}}},"branchMap":{},"s":{"0":2,"1":2,"2":2,"3":0},"f":{"0":0},"b":{}}
,"C:\\Users\\biote\\Hack Reactor\\Trulia\\client\\src\\components\\reviews\\review\\review-header\\review-header.tsx": {"path":"C:\\Users\\biote\\Hack Reactor\\Trulia\\client\\src\\components\\reviews\\review\\review-header\\review-header.tsx","statementMap":{"0":{"start":{"line":1,"column":0},"end":{"line":1,"column":31}},"1":{"start":{"line":2,"column":0},"end":{"line":2,"column":30}},"2":{"start":{"line":7,"column":13},"end":{"line":28,"column":2}},"3":{"start":{"line":8,"column":4},"end":{"line":26,"column":null}}},"fnMap":{"0":{"name":"(anonymous_6)","decl":{"start":{"line":7,"column":57},"end":{"line":7,"column":58}},"loc":{"start":{"line":8,"column":4},"end":{"line":26,"column":null}}}},"branchMap":{},"s":{"0":2,"1":2,"2":2,"3":0},"f":{"0":0},"b":{}}
}
