TN:
SF:src\components\app\app.tsx
FN:231,(anonymous_6)
FN:238,(anonymous_7)
FN:245,(anonymous_8)
FNF:3
FNH:2
FNDA:2,(anonymous_6)
FNDA:0,(anonymous_7)
FNDA:2,(anonymous_8)
DA:1,1
DA:2,1
DA:4,1
DA:5,1
DA:6,1
DA:8,1
DA:187,1
DA:195,1
DA:230,1
DA:232,2
DA:233,2
DA:239,0
DA:240,0
DA:246,2
LF:14
LH:12
BRF:0
BRH:0
end_of_record
TN:
SF:src\components\features\feature\feature.tsx
FN:8,(anonymous_6)
FNF:1
FNH:0
FNDA:0,(anonymous_6)
DA:1,1
DA:3,1
DA:4,1
DA:8,1
DA:9,0
LF:5
LH:4
BRF:0
BRH:0
end_of_record
TN:
SF:src\components\features\feature-list\feature-list.tsx
FN:9,(anonymous_6)
FN:11,(anonymous_7)
FNF:2
FNH:0
FNDA:0,(anonymous_6)
FNDA:0,(anonymous_7)
DA:1,1
DA:3,1
DA:4,1
DA:9,1
DA:10,0
DA:12,0
LF:6
LH:4
BRDA:12,0,0,0
BRDA:12,0,1,0
BRF:2
BRH:0
end_of_record
TN:
SF:src\components\features\thumbs\thumbs.tsx
FN:6,(anonymous_6)
FNF:1
FNH:0
FNDA:0,(anonymous_6)
DA:1,1
DA:2,1
DA:6,1
DA:7,0
LF:4
LH:3
BRF:0
BRH:0
end_of_record
TN:
SF:src\components\reviews\review\review.tsx
FN:12,(anonymous_6)
FNF:1
FNH:1
FNDA:2,(anonymous_6)
DA:1,2
DA:2,2
DA:4,2
DA:5,2
DA:6,2
DA:12,2
DA:13,2
LF:7
LH:7
BRF:0
BRH:0
end_of_record
TN:
SF:src\components\reviews\review-btn-list\review-btn-list.tsx
FN:10,(anonymous_6)
FN:12,(anonymous_7)
FNF:2
FNH:0
FNDA:0,(anonymous_6)
FNDA:0,(anonymous_7)
DA:1,1
DA:2,1
DA:10,1
DA:11,0
DA:12,0
LF:5
LH:3
BRDA:12,0,0,0
BRDA:12,0,1,0
BRF:2
BRH:0
end_of_record
TN:
SF:src\components\reviews\review-list\review-list.tsx
FN:8,(anonymous_6)
FN:11,(anonymous_7)
FNF:2
FNH:0
FNDA:0,(anonymous_6)
FNDA:0,(anonymous_7)
DA:1,1
DA:3,1
DA:4,1
DA:8,1
DA:9,0
DA:11,0
LF:6
LH:4
BRF:0
BRH:0
end_of_record
TN:
SF:src\components\reviews\review\review-content\review-content.tsx
FN:6,(anonymous_6)
FNF:1
FNH:0
FNDA:0,(anonymous_6)
DA:1,2
DA:2,2
DA:6,2
DA:7,0
LF:4
LH:3
BRF:0
BRH:0
end_of_record
TN:
SF:src\components\reviews\review\review-footer\review-footer.tsx
FN:7,(anonymous_6)
FNF:1
FNH:0
FNDA:0,(anonymous_6)
DA:1,2
DA:2,2
DA:7,2
DA:8,0
LF:4
LH:3
BRF:0
BRH:0
end_of_record
TN:
SF:src\components\reviews\review\review-header\review-header.tsx
FN:7,(anonymous_6)
FNF:1
FNH:0
FNDA:0,(anonymous_6)
DA:1,2
DA:2,2
DA:7,2
DA:8,0
LF:4
LH:3
BRF:0
BRH:0
end_of_record
